\BOOKMARK [0][-]{chapter.1}{\376\377\200\314\146\157}{}% 1
\BOOKMARK [1][-]{section.1.1}{\376\377\213\376\230\230\200\314\146\157}{chapter.1}% 2
\BOOKMARK [1][-]{section.1.2}{\376\377\126\375\121\205\131\026\163\260\162\266}{chapter.1}% 3
\BOOKMARK [1][-]{section.1.3}{\376\377\213\376\230\230\121\205\133\271}{chapter.1}% 4
\BOOKMARK [1][-]{section.1.4}{\376\377\123\357\210\114\140\047\122\006\147\220}{chapter.1}% 5
\BOOKMARK [2][-]{subsection.1.4.1}{\376\377\142\200\147\057\123\357\210\114\140\047\122\006\147\220\000/\142\200\147\057\215\357\176\277}{section.1.4}% 6
\BOOKMARK [2][-]{subsection.1.4.2}{\376\377\147\054\213\376\230\230\166\204\141\017\116\111}{section.1.4}% 7
\BOOKMARK [0][-]{chapter.2}{\376\377\227\000\154\102\122\006\147\220}{}% 8
\BOOKMARK [1][-]{section.2.1}{\376\377\227\000\154\102\151\202\121\265}{chapter.2}% 9
\BOOKMARK [2][-]{subsection.2.1.1}{\376\377\176\304\176\307\147\072\147\204\126\376\116\016\165\050\142\067\122\006\147\220}{section.2.1}% 10
\BOOKMARK [2][-]{subsection.2.1.2}{\376\377\116\073\117\123\116\032\122\241\227\000\154\102}{section.2.1}% 11
\BOOKMARK [2][-]{subsection.2.1.3}{\376\377\215\050\221\317\227\000\154\102}{section.2.1}% 12
\BOOKMARK [2][-]{subsection.2.1.4}{\376\377\121\166\133\203\377\010\176\246\147\137\140\047\377\011\227\000\154\102}{section.2.1}% 13
\BOOKMARK [1][-]{section.2.2}{\376\377\165\050\117\213\122\006\147\220\377\010\122\237\200\375\227\000\154\102\213\346\176\306\122\006\147\220\377\011}{chapter.2}% 14
\BOOKMARK [2][-]{subsection.2.2.1}{\376\377\133\146\165\037\165\050\117\213\211\306\126\376}{section.2.2}% 15
\BOOKMARK [2][-]{subsection.2.2.2}{\376\377\145\131\136\010\165\050\117\213\211\306\126\376}{section.2.2}% 16
\BOOKMARK [2][-]{subsection.2.2.3}{\376\377\173\241\164\006\124\130\165\050\117\213\211\306\126\376}{section.2.2}% 17
\BOOKMARK [1][-]{section.2.3}{\376\377\165\050\142\067\154\350\121\214\116\016\166\173\137\125}{chapter.2}% 18
\BOOKMARK [2][-]{subsection.2.3.1}{\376\377\165\050\117\213\116\055\166\204\174\173}{section.2.3}% 19
\BOOKMARK [2][-]{subsection.2.3.2}{\376\377\121\163\225\056\166\204\174\173\123\312\162\266\140\001}{section.2.3}% 20
\BOOKMARK [2][-]{subsection.2.3.3}{\376\377\165\050\117\213\116\073\117\123\210\114\116\072}{section.2.3}% 21
\BOOKMARK [2][-]{subsection.2.3.4}{\376\377\165\050\117\213\137\002\136\070\210\114\116\072}{section.2.3}% 22
\BOOKMARK [1][-]{section.2.4}{\376\377\213\376\172\013\123\321\136\003\116\016\173\241\164\006}{chapter.2}% 23
\BOOKMARK [2][-]{subsection.2.4.1}{\376\377\165\050\117\213\116\055\166\204\174\173}{section.2.4}% 24
\BOOKMARK [2][-]{subsection.2.4.2}{\376\377\121\163\225\056\166\204\174\173\123\312\162\266\140\001}{section.2.4}% 25
\BOOKMARK [2][-]{subsection.2.4.3}{\376\377\165\050\117\213\116\073\117\123\210\114\116\072}{section.2.4}% 26
\BOOKMARK [2][-]{subsection.2.4.4}{\376\377\165\050\117\213\137\002\136\070\210\114\116\072}{section.2.4}% 27
\BOOKMARK [1][-]{section.2.5}{\376\377\211\306\230\221\133\146\116\140}{chapter.2}% 28
\BOOKMARK [2][-]{subsection.2.5.1}{\376\377\165\050\117\213\116\055\166\204\174\173}{section.2.5}% 29
\BOOKMARK [2][-]{subsection.2.5.2}{\376\377\121\163\225\056\166\204\174\173\123\312\162\266\140\001}{section.2.5}% 30
\BOOKMARK [2][-]{subsection.2.5.3}{\376\377\165\050\117\213\116\073\117\123\210\114\116\072}{section.2.5}% 31
\BOOKMARK [2][-]{subsection.2.5.4}{\376\377\165\050\117\213\137\002\136\070\210\114\116\072}{section.2.5}% 32
\BOOKMARK [1][-]{section.2.6}{\376\377\171\076\123\072\116\222\122\250}{chapter.2}% 33
\BOOKMARK [2][-]{subsection.2.6.1}{\376\377\165\050\117\213\116\055\166\204\174\173}{section.2.6}% 34
\BOOKMARK [2][-]{subsection.2.6.2}{\376\377\121\163\225\056\166\204\174\173\123\312\162\266\140\001}{section.2.6}% 35
\BOOKMARK [2][-]{subsection.2.6.3}{\376\377\165\050\117\213\116\073\117\123\210\114\116\072}{section.2.6}% 36
\BOOKMARK [2][-]{subsection.2.6.4}{\376\377\165\050\117\213\137\002\136\070\210\114\116\072}{section.2.6}% 37
\BOOKMARK [1][-]{section.2.7}{\376\377\133\214\145\164\166\204\174\173\126\376}{chapter.2}% 38
\BOOKMARK [1][-]{section.2.8}{\376\377\165\050\142\067\232\214\145\066\155\113\213\325\213\241\122\022}{chapter.2}% 39
\BOOKMARK [0][-]{chapter.3}{\376\377\151\202\211\201\213\276\213\241}{}% 40
\BOOKMARK [1][-]{section.3.1}{\376\377\174\373\176\337\122\006\211\343\377\010\117\123\174\373\176\323\147\204\377\011}{chapter.3}% 41
\BOOKMARK [2][-]{subsection.3.1.1}{\376\377\147\266\147\204\126\376}{section.3.1}% 42
\BOOKMARK [2][-]{subsection.3.1.2}{\376\377\133\120\174\373\176\337\200\114\215\043\133\232\116\111}{section.3.1}% 43
\BOOKMARK [1][-]{section.3.2}{\376\377\174\373\176\337\140\073\117\123\155\101\172\013}{chapter.3}% 44
\BOOKMARK [1][-]{section.3.3}{\376\377\165\114\227\142\213\276\213\241\123\237\122\031\377\010\116\244\116\222\230\316\150\074\211\304\203\003\377\011}{chapter.3}% 45
\BOOKMARK [1][-]{section.3.4}{\376\377\165\114\227\142\123\237\127\213\213\276\213\241}{chapter.3}% 46
\BOOKMARK [2][-]{subsection.3.4.1}{\376\377\166\173\137\125\116\016\154\350\121\214\230\165}{section.3.4}% 47
\BOOKMARK [2][-]{subsection.3.4.2}{\376\377\116\073\230\165\000\040\000\050\000H\000o\000m\000e\000\051}{section.3.4}% 48
\BOOKMARK [2][-]{subsection.3.4.3}{\376\377\213\376\172\013\136\177\127\072}{section.3.4}% 49
\BOOKMARK [2][-]{subsection.3.4.4}{\376\377\213\376\172\013\133\146\116\140\230\165}{section.3.4}% 50
\BOOKMARK [2][-]{subsection.3.4.5}{\376\377\213\376\172\013\177\026\217\221\126\150}{section.3.4}% 51
\BOOKMARK [1][-]{section.3.5}{\376\377\174\373\176\337\226\306\142\020\155\113\213\325\213\241\122\022\116\016\213\276\213\241}{chapter.3}% 52
\BOOKMARK [0][-]{chapter.4}{\376\377\213\346\176\306\213\276\213\241}{}% 53
\BOOKMARK [1][-]{section.4.1}{\376\377\174\173\377\010\145\160\143\156\377\011\213\276\213\241}{chapter.4}% 54
\BOOKMARK [2][-]{subsection.4.1.1}{\376\377\145\160\143\156\136\223\162\151\164\006\152\041\127\213}{section.4.1}% 55
\BOOKMARK [2][-]{subsection.4.1.2}{\376\377\213\276\213\241\117\030\123\026\116\016\200\003\221\317}{section.4.1}% 56
\BOOKMARK [1][-]{section.4.2}{\376\377\121\163\225\056\220\073\217\221\060\001\173\227\154\325\213\276\213\241}{chapter.4}% 57
\BOOKMARK [2][-]{subsection.4.2.1}{\376\377\172\340\202\202\150\021\147\204\136\372\173\227\154\325\000\040\000\050\000R\000e\000c\000u\000r\000s\000i\000v\000e\000\040\000T\000r\000e\000e\000\040\000B\000u\000i\000l\000d\000i\000n\000g\000\051}{section.4.2}% 58
\BOOKMARK [2][-]{subsection.4.2.2}{\376\377\213\376\172\013\140\073\217\333\136\246\213\241\173\227\173\227\154\325}{section.4.2}% 59
\BOOKMARK [2][-]{subsection.4.2.3}{\376\377\147\103\226\120\143\247\122\066\220\073\217\221\000\040\000\050\000M\000i\000d\000d\000l\000e\000w\000a\000r\000e\000\040\000S\000t\000r\000a\000t\000e\000g\000y\000\051}{section.4.2}% 60
\BOOKMARK [2][-]{subsection.4.2.4}{\376\377\127\372\116\216\211\322\202\162\166\204\145\160\143\156\134\125\171\072\220\073\217\221\000\040\000\050\000R\000o\000l\000e\000-\000B\000a\000s\000e\000d\000\040\000D\000a\000t\000a\000\040\000P\000r\000e\000s\000e\000n\000t\000a\000t\000i\000o\000n\000\051}{section.4.2}% 61
\BOOKMARK [1][-]{section.4.3}{\376\377\152\041\127\127\143\245\123\343\155\113\213\325\213\241\122\022}{chapter.4}% 62
\BOOKMARK [2][-]{subsection.4.3.1}{\376\377\165\050\142\067\213\244\213\301\152\041\127\127\000\040\000\050\000A\000u\000t\000h\000\051}{section.4.3}% 63
\BOOKMARK [2][-]{subsection.4.3.2}{\376\377\213\376\172\013\173\241\164\006\152\041\127\127\000\040\000\050\000C\000o\000u\000r\000s\000e\000\051}{section.4.3}% 64
\BOOKMARK [2][-]{subsection.4.3.3}{\376\377\172\340\202\202\116\016\217\333\136\246\152\041\127\127\000\040\000\050\000C\000h\000a\000p\000t\000e\000r\000\051}{section.4.3}% 65
\BOOKMARK [2][-]{subsection.4.3.4}{\376\377\213\272\127\133\152\041\127\127\000\040\000\050\000F\000o\000r\000u\000m\000\051}{section.4.3}% 66
\BOOKMARK [0][-]{chapter.5}{\376\377\177\026\170\001\133\236\163\260}{}% 67
\BOOKMARK [1][-]{section.5.1}{\376\377\177\026\170\001\135\345\121\167\060\001\142\200\147\057\116\313\176\315}{chapter.5}% 68
\BOOKMARK [2][-]{subsection.5.1.1}{\376\377\137\000\123\321\163\257\130\203\116\016\135\345\121\167}{section.5.1}% 69
\BOOKMARK [2][-]{subsection.5.1.2}{\376\377\124\016\172\357\142\200\147\057\150\010\000\040\000\050\000B\000a\000c\000k\000e\000n\000d\000\051}{section.5.1}% 70
\BOOKMARK [2][-]{subsection.5.1.3}{\376\377\122\115\172\357\142\200\147\057\150\010\000\040\000\050\000F\000r\000o\000n\000t\000e\000n\000d\000\051}{section.5.1}% 71
\BOOKMARK [1][-]{section.5.2}{\376\377\156\220\116\343\170\001\226\005\213\373\143\007\123\127}{chapter.5}% 72
\BOOKMARK [2][-]{subsection.5.2.1}{\376\377\124\016\172\357\135\345\172\013\176\323\147\204\000\040\000\050\000b\000a\000c\000k\000e\000n\000d\000/\000\051}{section.5.2}% 73
\BOOKMARK [2][-]{subsection.5.2.2}{\376\377\122\115\172\357\135\345\172\013\176\323\147\204\000\040\000\050\000f\000r\000o\000n\000t\000e\000n\000d\000/\000s\000r\000c\000/\000\051}{section.5.2}% 74
\BOOKMARK [1][-]{section.5.3}{\376\377\123\125\121\103\155\113\213\325\145\271\150\110}{chapter.5}% 75
\BOOKMARK [2][-]{subsection.5.3.1}{\376\377\155\113\213\325\123\237\122\031}{section.5.3}% 76
\BOOKMARK [2][-]{subsection.5.3.2}{\376\377\121\163\225\056\211\201\175\040}{section.5.3}% 77
\BOOKMARK [0][-]{chapter.6}{\376\377\155\113\213\325\133\236\145\275}{}% 78
\BOOKMARK [1][-]{section.6.1}{\376\377\122\237\200\375\155\113\213\325}{chapter.6}% 79
\BOOKMARK [2][-]{subsection.6.1.1}{\376\377\155\113\213\325\142\100\221\307\165\050\166\204\142\200\147\057}{section.6.1}% 80
\BOOKMARK [2][-]{subsection.6.1.2}{\376\377\121\163\225\056\155\113\213\325\116\343\170\001\123\312\155\113\213\325\145\160\143\156\226\306}{section.6.1}% 81
\BOOKMARK [2][-]{subsection.6.1.3}{\376\377\155\113\213\325\176\337\213\241\142\245\124\112}{section.6.1}% 82
\BOOKMARK [1][-]{section.6.2}{\376\377\140\047\200\375\155\113\213\325}{chapter.6}% 83
\BOOKMARK [2][-]{subsection.6.2.1}{\376\377\155\113\213\325\142\100\221\307\165\050\166\204\142\200\147\057}{section.6.2}% 84
\BOOKMARK [2][-]{subsection.6.2.2}{\376\377\121\163\225\056\155\113\213\325\116\343\170\001\123\312\155\113\213\325\145\160\143\156\226\306}{section.6.2}% 85
\BOOKMARK [2][-]{subsection.6.2.3}{\376\377\155\113\213\325\176\337\213\241\142\245\124\112}{section.6.2}% 86
\BOOKMARK [0][-]{chapter.7}{\376\377\133\211\210\305\060\001\117\177\165\050\213\364\146\016}{}% 87
\BOOKMARK [1][-]{section.7.1}{\376\377\133\211\210\305\213\364\146\016}{chapter.7}% 88
\BOOKMARK [2][-]{subsection.7.1.1}{\376\377\133\211\210\305\122\115\121\306\131\007}{section.7.1}% 89
\BOOKMARK [2][-]{subsection.7.1.2}{\376\377\174\373\176\337\133\211\210\305\153\145\232\244}{section.7.1}% 90
\BOOKMARK [1][-]{section.7.2}{\376\377\117\177\165\050\213\364\146\016}{chapter.7}% 91
\BOOKMARK [2][-]{subsection.7.2.1}{\376\377\213\277\225\356\174\373\176\337}{section.7.2}% 92
\BOOKMARK [2][-]{subsection.7.2.2}{\376\377\121\170\127\213\144\315\117\134\155\101\172\013}{section.7.2}% 93
\BOOKMARK [0][-]{chapter.8}{\376\377\131\015\165\050\213\364\146\016\123\312\171\072\117\213}{}% 94
\BOOKMARK [1][-]{section.8.1}{\376\377\131\015\165\050\127\372\170\100}{chapter.8}% 95
\BOOKMARK [1][-]{section.8.2}{\376\377\131\015\165\050\150\110\117\213\227\000\154\102\143\317\217\360}{chapter.8}% 96
\BOOKMARK [1][-]{section.8.3}{\376\377\131\015\165\050\150\110\117\213\166\204\213\276\213\241}{chapter.8}% 97
\BOOKMARK [1][-]{section.8.4}{\376\377\131\015\165\050\150\110\117\213\166\204\133\236\163\260}{chapter.8}% 98
\BOOKMARK [1][-]{section.8.5}{\376\377\131\015\165\050\150\110\117\213\166\204\217\320\210\114\145\110\147\234}{chapter.8}% 99
\BOOKMARK [1][-]{section.8.6}{\376\377\134\017\176\323}{chapter.8}% 100
\BOOKMARK [0][-]{chapter.9}{\376\377\174\373\176\337\122\237\200\375\134\125\171\072}{}% 101
